[debug] [2025-07-30T05:59:35.644Z] ----------------------------------------------------------------------
[debug] [2025-07-30T05:59:35.650Z] Command:       E:\Node\node.exe C:\Users\PC\AppData\Roaming\npm\node_modules\firebase-tools\lib\bin\firebase.js deploy --only functions
[debug] [2025-07-30T05:59:35.651Z] CLI Version:   13.31.2
[debug] [2025-07-30T05:59:35.651Z] Platform:      win32
[debug] [2025-07-30T05:59:35.651Z] Node Version:  v22.1.0
[debug] [2025-07-30T05:59:35.651Z] Time:          Wed Jul 30 2025 14:59:35 GMT+0900 (대한민국 표준시)
[debug] [2025-07-30T05:59:35.651Z] ----------------------------------------------------------------------
[debug] 
[debug] [2025-07-30T05:59:35.873Z] > command requires scopes: ["email","openid","https://www.googleapis.com/auth/cloudplatformprojects.readonly","https://www.googleapis.com/auth/firebase","https://www.googleapis.com/auth/cloud-platform"]
[debug] [2025-07-30T05:59:35.873Z] > authorizing via signed-in user (simjsik75@gmail.com)
[debug] [2025-07-30T05:59:35.873Z] [iam] checking project meloudy-96af8 for permissions ["cloudfunctions.functions.create","cloudfunctions.functions.delete","cloudfunctions.functions.get","cloudfunctions.functions.list","cloudfunctions.functions.update","cloudfunctions.operations.get","firebase.projects.get"]
[debug] [2025-07-30T05:59:35.875Z] Checked if tokens are valid: true, expires at: 1753858530868
[debug] [2025-07-30T05:59:35.875Z] Checked if tokens are valid: true, expires at: 1753858530868
[debug] [2025-07-30T05:59:35.876Z] >>> [apiv2][query] POST https://cloudresourcemanager.googleapis.com/v1/projects/meloudy-96af8:testIamPermissions [none]
[debug] [2025-07-30T05:59:35.876Z] >>> [apiv2][(partial)header] POST https://cloudresourcemanager.googleapis.com/v1/projects/meloudy-96af8:testIamPermissions x-goog-quota-user=projects/meloudy-96af8
[debug] [2025-07-30T05:59:35.876Z] >>> [apiv2][body] POST https://cloudresourcemanager.googleapis.com/v1/projects/meloudy-96af8:testIamPermissions {"permissions":["cloudfunctions.functions.create","cloudfunctions.functions.delete","cloudfunctions.functions.get","cloudfunctions.functions.list","cloudfunctions.functions.update","cloudfunctions.operations.get","firebase.projects.get"]}
[debug] [2025-08-14T10:56:48.186Z] ----------------------------------------------------------------------
[debug] [2025-08-14T10:56:48.193Z] Command:       E:\Node\node.exe C:\Users\PC\AppData\Roaming\npm\node_modules\firebase-tools\lib\bin\firebase.js deploy --only functions:ApiRouter
[debug] [2025-08-14T10:56:48.193Z] CLI Version:   13.31.2
[debug] [2025-08-14T10:56:48.193Z] Platform:      win32
[debug] [2025-08-14T10:56:48.194Z] Node Version:  v22.1.0
[debug] [2025-08-14T10:56:48.194Z] Time:          Thu Aug 14 2025 19:56:48 GMT+0900 (대한민국 표준시)
[debug] [2025-08-14T10:56:48.194Z] ----------------------------------------------------------------------
[debug] 
[debug] [2025-08-14T10:56:48.206Z] >>> [apiv2][query] GET https://firebase-public.firebaseio.com/cli.json [none]
[debug] [2025-08-14T10:56:48.504Z] > command requires scopes: ["email","openid","https://www.googleapis.com/auth/cloudplatformprojects.readonly","https://www.googleapis.com/auth/firebase","https://www.googleapis.com/auth/cloud-platform"]
[debug] [2025-08-14T10:56:48.504Z] > authorizing via signed-in user (simjsik75@gmail.com)
[debug] [2025-08-14T10:56:48.504Z] [iam] checking project meloudy-96af8 for permissions ["cloudfunctions.functions.create","cloudfunctions.functions.delete","cloudfunctions.functions.get","cloudfunctions.functions.list","cloudfunctions.functions.update","cloudfunctions.operations.get","firebase.projects.get"]
[debug] [2025-08-14T10:56:48.505Z] Checked if tokens are valid: false, expires at: 1754022421107
[debug] [2025-08-14T10:56:48.505Z] Checked if tokens are valid: false, expires at: 1754022421107
[debug] [2025-08-14T10:56:48.506Z] > refreshing access token with scopes: []
[debug] [2025-08-14T10:56:48.506Z] >>> [apiv2][query] POST https://www.googleapis.com/oauth2/v3/token [none]
[debug] [2025-08-14T10:56:48.507Z] >>> [apiv2][body] POST https://www.googleapis.com/oauth2/v3/token [omitted]
[debug] [2025-08-14T10:56:48.906Z] <<< [apiv2][status] GET https://firebase-public.firebaseio.com/cli.json 200
[debug] [2025-08-14T10:56:48.907Z] <<< [apiv2][body] GET https://firebase-public.firebaseio.com/cli.json {"cloudBuildErrorAfter":1594252800000,"cloudBuildWarnAfter":1590019200000,"defaultNode10After":1594252800000,"minVersion":"3.0.5","node8DeploysDisabledAfter":1613390400000,"node8RuntimeDisabledAfter":1615809600000,"node8WarnAfter":1600128000000}
[debug] [2025-08-14T10:56:48.927Z] <<< [apiv2][status] POST https://www.googleapis.com/oauth2/v3/token 200
[debug] [2025-08-14T10:56:48.927Z] <<< [apiv2][body] POST https://www.googleapis.com/oauth2/v3/token [omitted]
[debug] [2025-08-14T10:56:48.948Z] >>> [apiv2][query] POST https://cloudresourcemanager.googleapis.com/v1/projects/meloudy-96af8:testIamPermissions [none]
[debug] [2025-08-14T10:56:48.948Z] >>> [apiv2][(partial)header] POST https://cloudresourcemanager.googleapis.com/v1/projects/meloudy-96af8:testIamPermissions x-goog-quota-user=projects/meloudy-96af8
[debug] [2025-08-14T10:56:48.948Z] >>> [apiv2][body] POST https://cloudresourcemanager.googleapis.com/v1/projects/meloudy-96af8:testIamPermissions {"permissions":["cloudfunctions.functions.create","cloudfunctions.functions.delete","cloudfunctions.functions.get","cloudfunctions.functions.list","cloudfunctions.functions.update","cloudfunctions.operations.get","firebase.projects.get"]}
[debug] [2025-08-14T10:56:49.277Z] <<< [apiv2][status] POST https://cloudresourcemanager.googleapis.com/v1/projects/meloudy-96af8:testIamPermissions 200
[debug] [2025-08-14T10:56:49.277Z] <<< [apiv2][body] POST https://cloudresourcemanager.googleapis.com/v1/projects/meloudy-96af8:testIamPermissions {"permissions":["cloudfunctions.functions.create","cloudfunctions.functions.delete","cloudfunctions.functions.get","cloudfunctions.functions.list","cloudfunctions.functions.update","cloudfunctions.operations.get","firebase.projects.get"]}
[debug] [2025-08-14T10:56:49.277Z] Checked if tokens are valid: true, expires at: 1755172607927
[debug] [2025-08-14T10:56:49.278Z] Checked if tokens are valid: true, expires at: 1755172607927
[debug] [2025-08-14T10:56:49.278Z] >>> [apiv2][query] POST https://iam.googleapis.com/v1/projects/meloudy-96af8/serviceAccounts/meloudy-96af8@appspot.gserviceaccount.com:testIamPermissions [none]
[debug] [2025-08-14T10:56:49.278Z] >>> [apiv2][body] POST https://iam.googleapis.com/v1/projects/meloudy-96af8/serviceAccounts/meloudy-96af8@appspot.gserviceaccount.com:testIamPermissions {"permissions":["iam.serviceAccounts.actAs"]}
[debug] [2025-08-14T10:56:50.825Z] <<< [apiv2][status] POST https://iam.googleapis.com/v1/projects/meloudy-96af8/serviceAccounts/meloudy-96af8@appspot.gserviceaccount.com:testIamPermissions 200
[debug] [2025-08-14T10:56:50.825Z] <<< [apiv2][body] POST https://iam.googleapis.com/v1/projects/meloudy-96af8/serviceAccounts/meloudy-96af8@appspot.gserviceaccount.com:testIamPermissions {"permissions":["iam.serviceAccounts.actAs"]}
[info] 
[info] === Deploying to 'meloudy-96af8'...
[info] 
[info] i  deploying functions 
[info] Running command: npm --prefix "$RESOURCE_DIR" run lint
[info] Running command: npm --prefix "$RESOURCE_DIR" run build
[info] +  functions: Finished running predeploy script. 
[debug] [2025-08-14T10:57:48.446Z] Checked if tokens are valid: true, expires at: 1755172607927
[debug] [2025-08-14T10:57:48.446Z] Checked if tokens are valid: true, expires at: 1755172607927
[debug] [2025-08-14T10:57:48.447Z] >>> [apiv2][query] GET https://cloudresourcemanager.googleapis.com/v1/projects/meloudy-96af8 [none]
[debug] [2025-08-14T10:57:48.719Z] <<< [apiv2][status] GET https://cloudresourcemanager.googleapis.com/v1/projects/meloudy-96af8 200
[debug] [2025-08-14T10:57:48.719Z] <<< [apiv2][body] GET https://cloudresourcemanager.googleapis.com/v1/projects/meloudy-96af8 {"projectNumber":"640370611193","projectId":"meloudy-96af8","lifecycleState":"ACTIVE","name":"MEMOME","labels":{"firebase":"enabled"},"createTime":"2024-10-21T22:24:57.261827Z"}
[info] i  functions: preparing codebase default for deployment 
[info] i  functions: ensuring required API cloudfunctions.googleapis.com is enabled... 
[debug] [2025-08-14T10:57:48.734Z] Checked if tokens are valid: true, expires at: 1755172607927
[debug] [2025-08-14T10:57:48.734Z] Checked if tokens are valid: true, expires at: 1755172607927
[debug] [2025-08-14T10:57:48.734Z] Checked if tokens are valid: true, expires at: 1755172607927
[debug] [2025-08-14T10:57:48.734Z] Checked if tokens are valid: true, expires at: 1755172607927
[info] i  functions: ensuring required API cloudbuild.googleapis.com is enabled... 
[debug] [2025-08-14T10:57:48.734Z] Checked if tokens are valid: true, expires at: 1755172607927
[debug] [2025-08-14T10:57:48.734Z] Checked if tokens are valid: true, expires at: 1755172607927
[info] i  artifactregistry: ensuring required API artifactregistry.googleapis.com is enabled... 
[debug] [2025-08-14T10:57:48.735Z] Checked if tokens are valid: true, expires at: 1755172607927
[debug] [2025-08-14T10:57:48.735Z] Checked if tokens are valid: true, expires at: 1755172607927
[debug] [2025-08-14T10:57:48.735Z] >>> [apiv2][query] GET https://serviceusage.googleapis.com/v1/projects/meloudy-96af8/services/cloudfunctions.googleapis.com [none]
[debug] [2025-08-14T10:57:48.735Z] >>> [apiv2][(partial)header] GET https://serviceusage.googleapis.com/v1/projects/meloudy-96af8/services/cloudfunctions.googleapis.com x-goog-quota-user=projects/meloudy-96af8
[debug] [2025-08-14T10:57:48.736Z] >>> [apiv2][query] GET https://serviceusage.googleapis.com/v1/projects/meloudy-96af8/services/runtimeconfig.googleapis.com [none]
[debug] [2025-08-14T10:57:48.736Z] >>> [apiv2][(partial)header] GET https://serviceusage.googleapis.com/v1/projects/meloudy-96af8/services/runtimeconfig.googleapis.com x-goog-quota-user=projects/meloudy-96af8
[debug] [2025-08-14T10:57:48.737Z] >>> [apiv2][query] GET https://serviceusage.googleapis.com/v1/projects/meloudy-96af8/services/cloudbuild.googleapis.com [none]
[debug] [2025-08-14T10:57:48.738Z] >>> [apiv2][(partial)header] GET https://serviceusage.googleapis.com/v1/projects/meloudy-96af8/services/cloudbuild.googleapis.com x-goog-quota-user=projects/meloudy-96af8
[debug] [2025-08-14T10:57:48.738Z] >>> [apiv2][query] GET https://serviceusage.googleapis.com/v1/projects/meloudy-96af8/services/artifactregistry.googleapis.com [none]
[debug] [2025-08-14T10:57:48.738Z] >>> [apiv2][(partial)header] GET https://serviceusage.googleapis.com/v1/projects/meloudy-96af8/services/artifactregistry.googleapis.com x-goog-quota-user=projects/meloudy-96af8
[debug] [2025-08-14T10:57:50.321Z] <<< [apiv2][status] GET https://serviceusage.googleapis.com/v1/projects/meloudy-96af8/services/runtimeconfig.googleapis.com 200
[debug] [2025-08-14T10:57:50.321Z] <<< [apiv2][body] GET https://serviceusage.googleapis.com/v1/projects/meloudy-96af8/services/runtimeconfig.googleapis.com [omitted]
[debug] [2025-08-14T10:57:50.322Z] <<< [apiv2][status] GET https://serviceusage.googleapis.com/v1/projects/meloudy-96af8/services/cloudbuild.googleapis.com 200
[debug] [2025-08-14T10:57:50.322Z] <<< [apiv2][body] GET https://serviceusage.googleapis.com/v1/projects/meloudy-96af8/services/cloudbuild.googleapis.com [omitted]
[info] +  functions: required API cloudbuild.googleapis.com is enabled 
[debug] [2025-08-14T10:57:50.325Z] <<< [apiv2][status] GET https://serviceusage.googleapis.com/v1/projects/meloudy-96af8/services/cloudfunctions.googleapis.com 200
[debug] [2025-08-14T10:57:50.325Z] <<< [apiv2][body] GET https://serviceusage.googleapis.com/v1/projects/meloudy-96af8/services/cloudfunctions.googleapis.com [omitted]
[info] +  functions: required API cloudfunctions.googleapis.com is enabled 
[debug] [2025-08-14T10:57:50.339Z] <<< [apiv2][status] GET https://serviceusage.googleapis.com/v1/projects/meloudy-96af8/services/artifactregistry.googleapis.com 200
[debug] [2025-08-14T10:57:50.339Z] <<< [apiv2][body] GET https://serviceusage.googleapis.com/v1/projects/meloudy-96af8/services/artifactregistry.googleapis.com [omitted]
[info] +  artifactregistry: required API artifactregistry.googleapis.com is enabled 
[debug] [2025-08-14T10:57:50.340Z] Checked if tokens are valid: true, expires at: 1755172607927
[debug] [2025-08-14T10:57:50.340Z] Checked if tokens are valid: true, expires at: 1755172607927
[debug] [2025-08-14T10:57:50.340Z] >>> [apiv2][query] GET https://firebase.googleapis.com/v1beta1/projects/meloudy-96af8/adminSdkConfig [none]
[debug] [2025-08-14T10:57:51.961Z] <<< [apiv2][status] GET https://firebase.googleapis.com/v1beta1/projects/meloudy-96af8/adminSdkConfig 200
[debug] [2025-08-14T10:57:51.961Z] <<< [apiv2][body] GET https://firebase.googleapis.com/v1beta1/projects/meloudy-96af8/adminSdkConfig {"projectId":"meloudy-96af8","databaseURL":"https://meloudy-96af8-default-rtdb.firebaseio.com","storageBucket":"meloudy-96af8.appspot.com","locationId":"asia-northeast3"}
[debug] [2025-08-14T10:57:51.961Z] Checked if tokens are valid: true, expires at: 1755172607927
[debug] [2025-08-14T10:57:51.961Z] Checked if tokens are valid: true, expires at: 1755172607927
[debug] [2025-08-14T10:57:51.961Z] >>> [apiv2][query] GET https://runtimeconfig.googleapis.com/v1beta1/projects/meloudy-96af8/configs [none]
[debug] [2025-08-14T10:57:53.424Z] <<< [apiv2][status] GET https://runtimeconfig.googleapis.com/v1beta1/projects/meloudy-96af8/configs 200
[debug] [2025-08-14T10:57:53.424Z] <<< [apiv2][body] GET https://runtimeconfig.googleapis.com/v1beta1/projects/meloudy-96af8/configs {"configs":[{"name":"projects/meloudy-96af8/configs/apienv"}]}
[debug] [2025-08-14T10:57:53.424Z] Checked if tokens are valid: true, expires at: 1755172607927
[debug] [2025-08-14T10:57:53.425Z] Checked if tokens are valid: true, expires at: 1755172607927
[debug] [2025-08-14T10:57:53.425Z] >>> [apiv2][query] GET https://runtimeconfig.googleapis.com/v1beta1/projects/meloudy-96af8/configs/apienv/variables [none]
[debug] [2025-08-14T10:57:53.828Z] <<< [apiv2][status] GET https://runtimeconfig.googleapis.com/v1beta1/projects/meloudy-96af8/configs/apienv/variables 200
[debug] [2025-08-14T10:57:53.828Z] <<< [apiv2][body] GET https://runtimeconfig.googleapis.com/v1beta1/projects/meloudy-96af8/configs/apienv/variables {"variables":[{"name":"projects/meloudy-96af8/configs/apienv/variables/base_api_url","updateTime":"2025-02-17T08:48:45.387708371Z"}]}
[debug] [2025-08-14T10:57:53.828Z] Checked if tokens are valid: true, expires at: 1755172607927
[debug] [2025-08-14T10:57:53.828Z] Checked if tokens are valid: true, expires at: 1755172607927
[debug] [2025-08-14T10:57:53.828Z] >>> [apiv2][query] GET https://runtimeconfig.googleapis.com/v1beta1/projects/meloudy-96af8/configs/apienv/variables/base_api_url [none]
[debug] [2025-08-14T10:57:54.207Z] <<< [apiv2][status] GET https://runtimeconfig.googleapis.com/v1beta1/projects/meloudy-96af8/configs/apienv/variables/base_api_url 200
[debug] [2025-08-14T10:57:54.207Z] <<< [apiv2][body] GET https://runtimeconfig.googleapis.com/v1beta1/projects/meloudy-96af8/configs/apienv/variables/base_api_url {"name":"projects/meloudy-96af8/configs/apienv/variables/base_api_url","updateTime":"2025-02-17T08:48:45.387708371Z","text":"https://<region>-<meloudy-96af8>.cloudfunctions.net/api/"}
[debug] [2025-08-14T10:57:54.209Z] Validating nodejs source
[warn] !  functions: package.json indicates an outdated version of firebase-functions. Please upgrade using npm install --save firebase-functions@latest in your functions directory. 
[debug] [2025-08-14T10:57:58.281Z] > [functions] package.json contents: {
  "name": "functions",
  "scripts": {
    "lint": "eslint --ext .js,.ts .",
    "build": "tsc",
    "build:watch": "tsc --watch",
    "serve": "npm run build && firebase emulators:start --only functions",
    "shell": "npm run build && firebase functions:shell",
    "start": "npm run shell",
    "deploy": "firebase deploy --only functions",
    "logs": "firebase functions:log"
  },
  "engines": {
    "node": "20"
  },
  "main": "lib/index.js",
  "dependencies": {
    "@types/cookie-parser": "^1.4.8",
    "cloudinary": "^2.6.0",
    "cookie-parser": "^1.4.7",
    "cors": "^2.8.5",
    "dotenv": "^16.4.7",
    "express": "^4.21.2",
    "firebase-admin": "^12.6.0",
    "firebase-functions": "^6.3.2"
  },
  "devDependencies": {
    "@typescript-eslint/eslint-plugin": "^5.12.0",
    "@typescript-eslint/parser": "^5.12.0",
    "eslint": "^8.57.1",
    "eslint-config-google": "^0.14.0",
    "eslint-plugin-import": "^2.25.4",
    "firebase-functions-test": "^3.1.0",
    "typescript": "^4.9.0"
  },
  "private": true
}
[debug] [2025-08-14T10:57:58.281Z] Building nodejs source
[info] i  functions: Loading and analyzing source code for codebase default to determine what to deploy 
[debug] [2025-08-14T10:57:58.283Z] Could not find functions.yaml. Must use http discovery
[debug] [2025-08-14T10:57:58.304Z] Found firebase-functions binary at 'E:\Web\webportfolio\React\Nextext\nextext\functions\node_modules\.bin\firebase-functions'
[debug] [2025-08-14T10:58:01.094Z] Failed to call quitquitquit. This often means the server failed to start request to http://localhost:8533/__/quitquitquit failed, reason:  {"message":"request to http://localhost:8533/__/quitquitquit failed, reason: ","type":"system","errno":"ECONNREFUSED","code":"ECONNREFUSED"}
[info] Serving at port 8533

[debug] [2025-08-14T10:58:11.456Z] FetchError: request to http://127.0.0.1:8533/__/functions.yaml failed, reason: Parse Error: Expected HTTP/
    at ClientRequest.<anonymous> (C:\Users\PC\AppData\Roaming\npm\node_modules\firebase-tools\node_modules\node-fetch\lib\index.js:1501:11)
    at ClientRequest.emit (node:events:520:28)
    at ClientRequest.emit (node:domain:488:12)
    at Socket.socketOnData (node:_http_client:551:9)
    at Socket.emit (node:events:520:28)
    at Socket.emit (node:domain:488:12)
    at addChunk (node:internal/streams/readable:559:12)
    at readableAddChunkPushByteMode (node:internal/streams/readable:510:3)
    at Readable.push (node:internal/streams/readable:390:5)
    at TCP.onStreamRead (node:internal/stream_base_commons:191:23)
[error] 
[error] Error: An unexpected error has occurred.
